<?xml version="1.0" encoding="UTF-8"?>
<!-- Generated by org.testng.reporters.JUnitXMLReporter -->
<testsuite ignored="2" hostname="DESKTOP-E7GJ5RI" failures="0" tests="1" name="Default test" time="12.989" errors="0" timestamp="2024-03-31T18:24:25 CST">
  <testcase classname="testcases.HomePageTest" name="clickContactsTest" time="6.535"/>
  <testcase classname="testcases.HomePageTest" name="homePageUserTest" time="0.0">
    <ignored/>
  </testcase> <!-- homePageUserTest -->
  <testcase classname="testcases.HomePageTest" name="homePageTitleTest" time="0.0">
    <ignored/>
  </testcase> <!-- homePageTitleTest -->
</testsuite> <!-- Default test -->
