<?xml version="1.0" encoding="UTF-8"?>
<!-- Generated by org.testng.reporters.JUnitXMLReporter -->
<testsuite ignored="0" hostname="DESKTOP-E7GJ5RI" failures="0" tests="2" name="Default test" time="11.72" errors="0" timestamp="2024-04-11T15:35:12 GMT-06:00">
  <testcase classname="io.cucumber.testng.AbstractTestNGCucumberTests" name="runScenario" time="6.578"/>
  <testcase classname="io.cucumber.testng.AbstractTestNGCucumberTests" name="runScenario" time="4.459"/>
</testsuite> <!-- Default test -->
