<?xml version="1.0" encoding="UTF-8"?>
<!-- Generated by org.testng.reporters.JUnitXMLReporter -->
<testsuite ignored="1" hostname="DESKTOP-E7GJ5RI" failures="0" tests="4" name="Free CRM Application Test Cases" time="42.43" errors="0" timestamp="2024-03-31T15:11:19 CST">
  <testcase classname="testcases.HomePageTest" name="homePageUserTest" time="1.754"/>
  <testcase classname="testcases.HomePageTest" name="clickContactsTest" time="9.26"/>
  <testcase classname="testcases.LoginPageTest" name="loginPageTitleTest" time="0.009"/>
  <testcase classname="testcases.LoginPageTest" name="loginTestPositive" time="0.253"/>
  <testcase classname="testcases.HomePageTest" name="homePageTitleTest" time="0.0">
    <ignored/>
  </testcase> <!-- homePageTitleTest -->
</testsuite> <!-- Free CRM Application Test Cases -->
