<?xml version="1.0" encoding="UTF-8"?>
<!-- Generated by org.testng.reporters.JUnitXMLReporter -->
<testsuite ignored="0" hostname="DESKTOP-E7GJ5RI" failures="0" tests="5" name="Free CRM Application Test Cases" time="36.241" errors="0" timestamp="2024-04-05T21:53:03 CST">
  <testcase classname="testcases.HomePageTest" name="homePageLabelsTest" time="1.663"/>
  <testcase classname="testcases.HomePageTest" name="clickContactsTest" time="6.492"/>
  <testcase classname="testcases.LoginPageTest" name="loginPageTitleTest" time="0.009"/>
  <testcase classname="testcases.LoginPageTest" name="loginTestPositive" time="0.296"/>
  <testcase classname="testcases.NewContactTest" name="verifyNewContactTitle" time="0.104"/>
</testsuite> <!-- Free CRM Application Test Cases -->
