<?xml version="1.0" encoding="UTF-8"?>
<testng-results ignored="0" total="2" passed="2" failed="0" skipped="0">
  <reporter-output>
  </reporter-output>
  <suite started-at="2024-03-27T00:20:56 CST" name="Default suite" finished-at="2024-03-27T00:21:11 CST" duration-ms="15386">
    <groups>
    </groups>
    <test started-at="2024-03-27T00:20:56 CST" name="Default test" finished-at="2024-03-27T00:21:11 CST" duration-ms="15386">
      <class name="testcases.LoginPageTest">
        <test-method is-config="true" signature="setup()[pri:0, instance:testcases.LoginPageTest@4e7912d8]" started-at="2024-03-27T00:20:56 CST" name="setup" finished-at="2024-03-27T00:21:04 CST" duration-ms="8145" status="PASS">
          <reporter-output>
          </reporter-output>
        </test-method> <!-- setup -->
        <test-method signature="loginPageTitleTest()[pri:0, instance:testcases.LoginPageTest@4e7912d8]" started-at="2024-03-27T00:21:04 CST" name="loginPageTitleTest" finished-at="2024-03-27T00:21:04 CST" duration-ms="25" status="PASS">
          <reporter-output>
          </reporter-output>
        </test-method> <!-- loginPageTitleTest -->
        <test-method is-config="true" signature="tearDown()[pri:0, instance:testcases.LoginPageTest@4e7912d8]" started-at="2024-03-27T00:21:04 CST" name="tearDown" finished-at="2024-03-27T00:21:04 CST" duration-ms="174" status="PASS">
          <reporter-output>
          </reporter-output>
        </test-method> <!-- tearDown -->
        <test-method is-config="true" signature="setup()[pri:0, instance:testcases.LoginPageTest@4e7912d8]" started-at="2024-03-27T00:21:04 CST" name="setup" finished-at="2024-03-27T00:21:10 CST" duration-ms="6269" status="PASS">
          <reporter-output>
          </reporter-output>
        </test-method> <!-- setup -->
        <test-method signature="loginTestPositive()[pri:0, instance:testcases.LoginPageTest@4e7912d8]" started-at="2024-03-27T00:21:10 CST" name="loginTestPositive" finished-at="2024-03-27T00:21:11 CST" duration-ms="435" status="PASS">
          <reporter-output>
          </reporter-output>
        </test-method> <!-- loginTestPositive -->
        <test-method is-config="true" signature="tearDown()[pri:0, instance:testcases.LoginPageTest@4e7912d8]" started-at="2024-03-27T00:21:11 CST" name="tearDown" finished-at="2024-03-27T00:21:11 CST" duration-ms="288" status="PASS">
          <reporter-output>
          </reporter-output>
        </test-method> <!-- tearDown -->
      </class> <!-- testcases.LoginPageTest -->
    </test> <!-- Default test -->
  </suite> <!-- Default suite -->
</testng-results>
