<?xml version="1.0" encoding="UTF-8"?>
<testng-results ignored="1" total="3" passed="2" failed="0" skipped="0">
  <reporter-output>
  </reporter-output>
  <suite started-at="2024-03-29T18:39:09 CST" name="Default suite" finished-at="2024-03-29T18:39:33 CST" duration-ms="24477">
    <groups>
    </groups>
    <test started-at="2024-03-29T18:39:09 CST" name="Default test" finished-at="2024-03-29T18:39:33 CST" duration-ms="24477">
      <class name="testcases.HomePageTest">
        <test-method is-config="true" signature="setup()[pri:0, instance:testcases.HomePageTest@53976f5c]" started-at="2024-03-29T18:39:09 CST" name="setup" finished-at="2024-03-29T18:39:16 CST" duration-ms="6890" status="PASS">
          <reporter-output>
          </reporter-output>
        </test-method> <!-- setup -->
        <test-method signature="homePageUserTest()[pri:1, instance:testcases.HomePageTest@53976f5c]" started-at="2024-03-29T18:39:16 CST" name="homePageUserTest" finished-at="2024-03-29T18:39:17 CST" duration-ms="1582" status="PASS">
          <reporter-output>
          </reporter-output>
        </test-method> <!-- homePageUserTest -->
        <test-method is-config="true" signature="tearDown()[pri:0, instance:testcases.HomePageTest@53976f5c]" started-at="2024-03-29T18:39:17 CST" name="tearDown" finished-at="2024-03-29T18:39:17 CST" duration-ms="144" status="PASS">
          <reporter-output>
          </reporter-output>
        </test-method> <!-- tearDown -->
        <test-method is-config="true" signature="setup()[pri:0, instance:testcases.HomePageTest@53976f5c]" started-at="2024-03-29T18:39:17 CST" name="setup" finished-at="2024-03-29T18:39:24 CST" duration-ms="6392" status="PASS">
          <reporter-output>
          </reporter-output>
        </test-method> <!-- setup -->
        <test-method signature="clickContactsTest()[pri:2, instance:testcases.HomePageTest@53976f5c]" started-at="2024-03-29T18:39:24 CST" name="clickContactsTest" finished-at="2024-03-29T18:39:33 CST" duration-ms="9273" status="PASS">
          <reporter-output>
          </reporter-output>
        </test-method> <!-- clickContactsTest -->
        <test-method is-config="true" signature="tearDown()[pri:0, instance:testcases.HomePageTest@53976f5c]" started-at="2024-03-29T18:39:33 CST" name="tearDown" finished-at="2024-03-29T18:39:33 CST" duration-ms="157" status="PASS">
          <reporter-output>
          </reporter-output>
        </test-method> <!-- tearDown -->
      </class> <!-- testcases.HomePageTest -->
    </test> <!-- Default test -->
  </suite> <!-- Default suite -->
</testng-results>
